app/build/outputs/logs/manifest-merger-release-report.txt
-- Merging decision tree log ---
manifest
ADDED from src\main\AndroidManifest.xml:2:1-858:12
INJECTED from src\main\AndroidManifest.xml:2:1-858:12
INJECTED from src\main\AndroidManifest.xml:2:1-858:12
INJECTED from src\main\AndroidManifest.xml:2:1-858:12
MERGED from [com.android.support:support-v4:28.0.0] AndroidManifest.xml:17:1-22:12
MERGED from [com.android.support:support-media-compat:28.0.0] AndroidManifest.xml:17:1-22:12
MERGED from [com.android.support:support-fragment:28.0.0] AndroidManifest.xml:17:1-22:12
MERGED from [com.android.support:support-core-ui:28.0.0] AndroidManifest.xml:17:1-22:12
MERGED from [com.android.support:support-core-utils:28.0.0] AndroidManifest.xml:17:1-22:12
MERGED from [com.android.support:loader:28.0.0] AndroidManifest.xml:17:1-22:12
MERGED from [com.android.support:viewpager:28.0.0] AndroidManifest.xml:17:1-22:12
MERGED from [com.android.support:coordinatorlayout:28.0.0] AndroidManifest.xml:17:1-22:12
MERGED from [com.android.support:drawerlayout:28.0.0] AndroidManifest.xml:17:1-22:12
MERGED from [com.android.support:slidingpanelayout:28.0.0] AndroidManifest.xml:17:1-22:12
MERGED from [com.android.support:customview:28.0.0] AndroidManifest.xml:17:1-22:12
MERGED from [com.android.support:swiperefreshlayout:28.0.0] AndroidManifest.xml:17:1-22:12
MERGED from [com.android.support:asynclayoutinflater:28.0.0] AndroidManifest.xml:17:1-22:12
MERGED from [com.android.support:support-compat:28.0.0] AndroidManifest.xml:17:1-24:12
MERGED from [com.android.support:versionedparcelable:28.0.0] AndroidManifest.xml:17:1-25:12
MERGED from [android.arch.lifecycle:runtime:1.1.1] AndroidManifest.xml:17:1-22:12
MERGED from [com.android.support:documentfile:28.0.0] AndroidManifest.xml:17:1-22:12
MERGED from [com.android.support:localbroadcastmanager:28.0.0] AndroidManifest.xml:17:1-22:12
MERGED from [com.android.support:print:28.0.0] AndroidManifest.xml:17:1-22:12
MERGED from [com.android.support:interpolator:28.0.0] AndroidManifest.xml:17:1-22:12
MERGED from [com.android.support:cursoradapter:28.0.0] AndroidManifest.xml:17:1-22:12
MERGED from [android.arch.lifecycle:viewmodel:1.1.1] AndroidManifest.xml:17:1-22:12
MERGED from [android.arch.lifecycle:livedata:1.1.1] AndroidManifest.xml:17:1-22:12
MERGED from [android.arch.lifecycle:livedata-core:1.1.1] AndroidManifest.xml:17:1-22:12
MERGED from [android.arch.core:runtime:1.1.1] AndroidManifest.xml:17:1-22:12
INJECTED from src\main\AndroidManifest.xml:2:1-858:12
INJECTED from src\main\AndroidManifest.xml:2:1-858:12
INJECTED from src\main\AndroidManifest.xml:2:1-858:12
	package
		ADDED from src\main\AndroidManifest.xml:3:5-21
		INJECTED from src\main\AndroidManifest.xml
		INJECTED from src\main\AndroidManifest.xml
	android:versionName
		ADDED from src\main\AndroidManifest.xml:6:5-31
		INJECTED from src\main\AndroidManifest.xml
		INJECTED from src\main\AndroidManifest.xml
	xmlns:android
		ADDED from src\main\AndroidManifest.xml:2:11-69
	android:versionCode
		ADDED from src\main\AndroidManifest.xml:5:5-28
		INJECTED from src\main\AndroidManifest.xml
		INJECTED from src\main\AndroidManifest.xml
	android:installLocation
		ADDED from src\main\AndroidManifest.xml:4:5-43
uses-permission#android.permission.SYSTEM_ALERT_WINDOW
ADDED from src\main\AndroidManifest.xml:8:5-78
	android:name
		ADDED from src\main\AndroidManifest.xml:8:22-75
uses-permission#android.permission.READ_EXTERNAL_STORAGE
ADDED from src\main\AndroidManifest.xml:11:5-80
	android:name
		ADDED from src\main\AndroidManifest.xml:11:22-77
uses-permission#android.permission.WRITE_EXTERNAL_STORAGE
ADDED from src\main\AndroidManifest.xml:12:5-81
	android:name
		ADDED from src\main\AndroidManifest.xml:12:22-78
uses-permission#android.permission.GET_TASKS
ADDED from src\main\AndroidManifest.xml:13:5-68
	android:name
		ADDED from src\main\AndroidManifest.xml:13:22-65
uses-permission#android.permission.RESTART_PACKAGES
ADDED from src\main\AndroidManifest.xml:14:5-75
	android:name
		ADDED from src\main\AndroidManifest.xml:14:22-72
uses-permission#android.permission.READ_CONTACTS
ADDED from src\main\AndroidManifest.xml:15:5-72
	android:name
		ADDED from src\main\AndroidManifest.xml:15:22-69
uses-permission#android.permission.VIBRATE
ADDED from src\main\AndroidManifest.xml:16:5-66
	android:name
		ADDED from src\main\AndroidManifest.xml:16:22-63
uses-permission#android.permission.ACCESS_COARSE_LOCATION
ADDED from src\main\AndroidManifest.xml:17:5-81
	android:name
		ADDED from src\main\AndroidManifest.xml:17:22-78
uses-permission#android.permission.ACCESS_FINE_LOCATION
ADDED from src\main\AndroidManifest.xml:18:5-79
	android:name
		ADDED from src\main\AndroidManifest.xml:18:22-76
uses-permission#android.permission.ACCESS_WIFI_STATE
ADDED from src\main\AndroidManifest.xml:19:5-76
	android:name
		ADDED from src\main\AndroidManifest.xml:19:22-73
uses-permission#android.permission.ACCESS_NETWORK_STATE
ADDED from src\main\AndroidManifest.xml:20:5-79
	android:name
		ADDED from src\main\AndroidManifest.xml:20:22-76
uses-permission#android.permission.CHANGE_WIFI_STATE
ADDED from src\main\AndroidManifest.xml:21:5-76
	android:name
		ADDED from src\main\AndroidManifest.xml:21:22-73
uses-permission#android.permission.READ_PHONE_STATE
ADDED from src\main\AndroidManifest.xml:22:5-75
	android:name
		ADDED from src\main\AndroidManifest.xml:22:22-72
uses-permission#android.permission.INTERNET
ADDED from src\main\AndroidManifest.xml:23:5-67
	android:name
		ADDED from src\main\AndroidManifest.xml:23:22-64
uses-permission#android.permission.CALL_PHONE
ADDED from src\main\AndroidManifest.xml:24:5-69
	android:name
		ADDED from src\main\AndroidManifest.xml:24:22-66
uses-permission#android.permission.CAMERA
ADDED from src\main\AndroidManifest.xml:25:5-65
	android:name
		ADDED from src\main\AndroidManifest.xml:25:22-62
uses-permission#android.permission.RECEIVE_BOOT_COMPLETED
ADDED from src\main\AndroidManifest.xml:26:5-81
	android:name
		ADDED from src\main\AndroidManifest.xml:26:22-78
uses-permission#android.permission.FLASHLIGHT
ADDED from src\main\AndroidManifest.xml:27:5-69
	android:name
		ADDED from src\main\AndroidManifest.xml:27:22-66
uses-permission#android.permission.WAKE_LOCK
ADDED from src\main\AndroidManifest.xml:28:5-68
	android:name
		ADDED from src\main\AndroidManifest.xml:28:22-65
uses-permission#android.permission.RECEIVE_USER_PRESENT
ADDED from src\main\AndroidManifest.xml:29:5-79
	android:name
		ADDED from src\main\AndroidManifest.xml:29:22-76
permission#com.nt.permission.MIPUSH_RECEIVE
ADDED from src\main\AndroidManifest.xml:32:2-34:40
	android:protectionLevel
		ADDED from src\main\AndroidManifest.xml:34:2-37
	android:name
		ADDED from src\main\AndroidManifest.xml:33:2-49
uses-permission#com.nt.permission.MIPUSH_RECEIVE
ADDED from src\main\AndroidManifest.xml:37:2-69
	android:name
		ADDED from src\main\AndroidManifest.xml:37:19-66
uses-permission#com.meizu.flyme.push.permission.RECEIVE
ADDED from src\main\AndroidManifest.xml:44:4-94
	android:name
		ADDED from src\main\AndroidManifest.xml:44:21-75
permission#com.nt.push.permission.MESSAGE
ADDED from src\main\AndroidManifest.xml:46:4-99
	android:protectionLevel
		ADDED from src\main\AndroidManifest.xml:46:62-97
	android:name
		ADDED from src\main\AndroidManifest.xml:46:16-61
uses-permission#com.nt.push.permission.MESSAGE
ADDED from src\main\AndroidManifest.xml:48:4-85
	android:name
		ADDED from src\main\AndroidManifest.xml:48:21-66
uses-permission#com.meizu.c2dm.permission.RECEIVE
ADDED from src\main\AndroidManifest.xml:52:4-72
	android:name
		ADDED from src\main\AndroidManifest.xml:52:21-69
permission#com.nt.permission.C2D_MESSAGE
ADDED from src\main\AndroidManifest.xml:54:4-110
	android:protectionLevel
		ADDED from src\main\AndroidManifest.xml:54:61-96
	android:name
		ADDED from src\main\AndroidManifest.xml:54:16-60
uses-permission#com.nt.permission.C2D_MESSAGE
ADDED from src\main\AndroidManifest.xml:56:4-67
	android:name
		ADDED from src\main\AndroidManifest.xml:56:21-65
uses-feature#android.hardware.camera
ADDED from src\main\AndroidManifest.xml:60:5-60
	android:name
		ADDED from src\main\AndroidManifest.xml:60:19-57
uses-feature#android.hardware.camera.autofocus
ADDED from src\main\AndroidManifest.xml:61:5-70
	android:name
		ADDED from src\main\AndroidManifest.xml:61:19-67
uses-permission#com.android.launcher.permission.READ_SETTINGS
ADDED from src\main\AndroidManifest.xml:63:5-85
	android:name
		ADDED from src\main\AndroidManifest.xml:63:22-82
application
ADDED from src\main\AndroidManifest.xml:65:5-856:19
MERGED from [com.android.support:support-compat:28.0.0] AndroidManifest.xml:22:5-94
MERGED from [com.android.support:support-compat:28.0.0] AndroidManifest.xml:22:5-94
MERGED from [com.android.support:versionedparcelable:28.0.0] AndroidManifest.xml:22:5-23:19
MERGED from [com.android.support:versionedparcelable:28.0.0] AndroidManifest.xml:22:5-23:19
	android:appComponentFactory
		ADDED from [com.android.support:support-compat:28.0.0] AndroidManifest.xml:22:18-91
	android:label
		ADDED from src\main\AndroidManifest.xml:68:9-41
	android:persistent
		ADDED from src\main\AndroidManifest.xml:69:9-34
	android:icon
		ADDED from src\main\AndroidManifest.xml:67:9-38
	android:allowBackup
		ADDED from src\main\AndroidManifest.xml:66:9-35
	android:theme
		ADDED from src\main\AndroidManifest.xml:70:9-40
meta-data#com.baidu.lbsapi.API_KEY
ADDED from src\main\AndroidManifest.xml:71:9-73:64
	android:value
		ADDED from src\main\AndroidManifest.xml:73:13-61
	android:name
		ADDED from src\main\AndroidManifest.xml:72:13-52
activity#com.nt.activity.load.LoadingActivity
ADDED from src\main\AndroidManifest.xml:75:9-85:20
	android:screenOrientation
		ADDED from src\main\AndroidManifest.xml:79:13-49
	android:label
		ADDED from src\main\AndroidManifest.xml:78:13-45
	android:icon
		ADDED from src\main\AndroidManifest.xml:77:13-42
	android:name
		ADDED from src\main\AndroidManifest.xml:76:13-64
intent-filter#action:name:android.intent.action.MAIN+category:name:android.intent.category.LAUNCHER
ADDED from src\main\AndroidManifest.xml:80:13-84:29
action#android.intent.action.MAIN
ADDED from src\main\AndroidManifest.xml:81:17-69
	android:name
		ADDED from src\main\AndroidManifest.xml:81:25-66
category#android.intent.category.LAUNCHER
ADDED from src\main\AndroidManifest.xml:83:17-77
	android:name
		ADDED from src\main\AndroidManifest.xml:83:27-74
activity#com.nt.activity.util.ImgPz
ADDED from src\main\AndroidManifest.xml:86:9-88:52
	android:screenOrientation
		ADDED from src\main\AndroidManifest.xml:88:13-49
	android:name
		ADDED from src\main\AndroidManifest.xml:87:13-54
activity#com.nt.activity.util.ImgChoose
ADDED from src\main\AndroidManifest.xml:89:9-91:52
	android:screenOrientation
		ADDED from src\main\AndroidManifest.xml:91:13-49
	android:name
		ADDED from src\main\AndroidManifest.xml:90:13-58
activity#com.nt.activity.util.ImagePagerActivity
ADDED from src\main\AndroidManifest.xml:92:9-94:52
	android:screenOrientation
		ADDED from src\main\AndroidManifest.xml:94:13-49
	android:name
		ADDED from src\main\AndroidManifest.xml:93:13-67
activity#com.nt.activity.util.ImgChoosePage
ADDED from src\main\AndroidManifest.xml:95:9-97:52
	android:screenOrientation
		ADDED from src\main\AndroidManifest.xml:97:13-49
	android:name
		ADDED from src\main\AndroidManifest.xml:96:13-62
activity#com.nt.activity.login.LoginActivity
ADDED from src\main\AndroidManifest.xml:98:9-101:52
	android:screenOrientation
		ADDED from src\main\AndroidManifest.xml:101:13-49
	android:launchMode
		ADDED from src\main\AndroidManifest.xml:100:13-44
	android:name
		ADDED from src\main\AndroidManifest.xml:99:13-63
activity#com.nt.activity.js.FyqrActivity
ADDED from src\main\AndroidManifest.xml:102:9-105:52
	android:screenOrientation
		ADDED from src\main\AndroidManifest.xml:105:13-49
	android:launchMode
		ADDED from src\main\AndroidManifest.xml:104:13-44
	android:name
		ADDED from src\main\AndroidManifest.xml:103:13-59
activity#com.nt.activity.js.FyqrCompleteActivity
ADDED from src\main\AndroidManifest.xml:106:9-109:52
	android:screenOrientation
		ADDED from src\main\AndroidManifest.xml:109:13-49
	android:launchMode
		ADDED from src\main\AndroidManifest.xml:108:13-44
	android:name
		ADDED from src\main\AndroidManifest.xml:107:13-67
activity#com.nt.activity.w.ChangePasswordActivity
ADDED from src\main\AndroidManifest.xml:110:9-113:52
	android:screenOrientation
		ADDED from src\main\AndroidManifest.xml:113:13-49
	android:launchMode
		ADDED from src\main\AndroidManifest.xml:112:13-44
	android:name
		ADDED from src\main\AndroidManifest.xml:111:13-68
activity#com.nt.activity.esp.ChoosePjlx
ADDED from src\main\AndroidManifest.xml:114:9-116:52
	android:screenOrientation
		ADDED from src\main\AndroidManifest.xml:116:13-49
	android:name
		ADDED from src\main\AndroidManifest.xml:115:13-58
activity#com.nt.activity.esp.AddPartsList
ADDED from src\main\AndroidManifest.xml:117:9-120:52
	android:screenOrientation
		ADDED from src\main\AndroidManifest.xml:120:13-49
	android:configChanges
		ADDED from src\main\AndroidManifest.xml:119:13-63
	android:name
		ADDED from src\main\AndroidManifest.xml:118:13-60
activity#com.nt.activity.esp.AddParts
ADDED from src\main\AndroidManifest.xml:121:9-124:52
	android:screenOrientation
		ADDED from src\main\AndroidManifest.xml:124:13-49
	android:configChanges
		ADDED from src\main\AndroidManifest.xml:123:13-63
	android:name
		ADDED from src\main\AndroidManifest.xml:122:13-56
activity#com.nt.activity.js.YingShouKuanList
ADDED from src\main\AndroidManifest.xml:125:9-128:52
	android:screenOrientation
		ADDED from src\main\AndroidManifest.xml:128:13-49
	android:launchMode
		ADDED from src\main\AndroidManifest.xml:127:13-44
	android:name
		ADDED from src\main\AndroidManifest.xml:126:13-63
activity#com.nt.activity.js.LiuShuiZhanglist
ADDED from src\main\AndroidManifest.xml:129:9-132:52
	android:screenOrientation
		ADDED from src\main\AndroidManifest.xml:132:13-49
	android:launchMode
		ADDED from src\main\AndroidManifest.xml:131:13-44
	android:name
		ADDED from src\main\AndroidManifest.xml:130:13-63
activity#com.nt.activity.esp.SheBeiPDActivity
ADDED from src\main\AndroidManifest.xml:133:9-135:52
	android:screenOrientation
		ADDED from src\main\AndroidManifest.xml:135:13-49
	android:name
		ADDED from src\main\AndroidManifest.xml:134:13-64
activity#com.nt.activity.esp.ScxjsbxgActivity
ADDED from src\main\AndroidManifest.xml:136:9-138:52
	android:screenOrientation
		ADDED from src\main\AndroidManifest.xml:138:13-49
	android:name
		ADDED from src\main\AndroidManifest.xml:137:13-64
activity#com.nt.activity.register.RegisterActivity
ADDED from src\main\AndroidManifest.xml:139:9-142:52
	android:screenOrientation
		ADDED from src\main\AndroidManifest.xml:142:13-49
	android:configChanges
		ADDED from src\main\AndroidManifest.xml:141:13-63
	android:name
		ADDED from src\main\AndroidManifest.xml:140:13-69
activity#com.nt.activity.register.RegisterConfirmActivity
ADDED from src\main\AndroidManifest.xml:143:9-146:52
	android:screenOrientation
		ADDED from src\main\AndroidManifest.xml:146:13-49
	android:configChanges
		ADDED from src\main\AndroidManifest.xml:145:13-63
	android:name
		ADDED from src\main\AndroidManifest.xml:144:13-76
activity#com.nt.activity.register.RegisterAgreeActivity
ADDED from src\main\AndroidManifest.xml:147:9-150:52
	android:screenOrientation
		ADDED from src\main\AndroidManifest.xml:150:13-49
	android:configChanges
		ADDED from src\main\AndroidManifest.xml:149:13-63
	android:name
		ADDED from src\main\AndroidManifest.xml:148:13-74
activity#com.nt.activity.register.RegisterCompleteActivity
ADDED from src\main\AndroidManifest.xml:151:9-154:52
	android:screenOrientation
		ADDED from src\main\AndroidManifest.xml:154:13-49
	android:configChanges
		ADDED from src\main\AndroidManifest.xml:153:13-63
	android:name
		ADDED from src\main\AndroidManifest.xml:152:13-77
activity#com.nt.activity.w.QyxxActivity
ADDED from src\main\AndroidManifest.xml:155:9-159:20
	android:screenOrientation
		ADDED from src\main\AndroidManifest.xml:158:13-49
	android:configChanges
		ADDED from src\main\AndroidManifest.xml:157:13-63
	android:name
		ADDED from src\main\AndroidManifest.xml:156:13-58
activity#com.nt.activity.w.YhkxxActivity
ADDED from src\main\AndroidManifest.xml:160:9-164:20
	android:screenOrientation
		ADDED from src\main\AndroidManifest.xml:163:13-49
	android:configChanges
		ADDED from src\main\AndroidManifest.xml:162:13-63
	android:name
		ADDED from src\main\AndroidManifest.xml:161:13-59
activity#com.nt.activity.w.YHKInfoActivity
ADDED from src\main\AndroidManifest.xml:165:9-170:20
	android:screenOrientation
		ADDED from src\main\AndroidManifest.xml:168:13-49
	android:windowSoftInputMode
		ADDED from src\main\AndroidManifest.xml:169:13-72
	android:configChanges
		ADDED from src\main\AndroidManifest.xml:167:13-63
	android:name
		ADDED from src\main\AndroidManifest.xml:166:13-61
activity#com.nt.activity.w.XxglActivity
ADDED from src\main\AndroidManifest.xml:171:9-175:20
	android:screenOrientation
		ADDED from src\main\AndroidManifest.xml:174:13-49
	android:configChanges
		ADDED from src\main\AndroidManifest.xml:173:13-63
	android:name
		ADDED from src\main\AndroidManifest.xml:172:13-58
activity#com.nt.activity.w.XxglShowActivity
ADDED from src\main\AndroidManifest.xml:176:9-180:20
	android:screenOrientation
		ADDED from src\main\AndroidManifest.xml:179:13-49
	android:configChanges
		ADDED from src\main\AndroidManifest.xml:178:13-63
	android:name
		ADDED from src\main\AndroidManifest.xml:177:13-62
activity#com.nt.activity.kc.KccxChooseActivity
ADDED from src\main\AndroidManifest.xml:181:9-185:20
	android:screenOrientation
		ADDED from src\main\AndroidManifest.xml:184:13-49
	android:configChanges
		ADDED from src\main\AndroidManifest.xml:183:13-63
	android:name
		ADDED from src\main\AndroidManifest.xml:182:13-65
activity#com.nt.activity.kc.KccxActivity
ADDED from src\main\AndroidManifest.xml:186:9-190:20
	android:screenOrientation
		ADDED from src\main\AndroidManifest.xml:189:13-49
	android:configChanges
		ADDED from src\main\AndroidManifest.xml:188:13-63
	android:name
		ADDED from src\main\AndroidManifest.xml:187:13-59
activity#com.nt.activity.kc.KcpdActivity
ADDED from src\main\AndroidManifest.xml:191:9-195:20
	android:screenOrientation
		ADDED from src\main\AndroidManifest.xml:194:13-49
	android:configChanges
		ADDED from src\main\AndroidManifest.xml:193:13-63
	android:name
		ADDED from src\main\AndroidManifest.xml:192:13-59
activity#com.nt.activity.kc.KcxxActivity
ADDED from src\main\AndroidManifest.xml:196:9-200:20
	android:screenOrientation
		ADDED from src\main\AndroidManifest.xml:199:13-49
	android:configChanges
		ADDED from src\main\AndroidManifest.xml:198:13-63
	android:name
		ADDED from src\main\AndroidManifest.xml:197:13-59
activity#com.nt.activity.kc.KcxxShowActivity
ADDED from src\main\AndroidManifest.xml:201:9-205:20
	android:screenOrientation
		ADDED from src\main\AndroidManifest.xml:204:13-49
	android:configChanges
		ADDED from src\main\AndroidManifest.xml:203:13-63
	android:name
		ADDED from src\main\AndroidManifest.xml:202:13-63
activity#com.nt.activity.kc.SqdcxkListActivity
ADDED from src\main\AndroidManifest.xml:206:9-210:20
	android:screenOrientation
		ADDED from src\main\AndroidManifest.xml:209:13-49
	android:configChanges
		ADDED from src\main\AndroidManifest.xml:208:13-63
	android:name
		ADDED from src\main\AndroidManifest.xml:207:13-65
activity#com.nt.activity.kc.SqdShowActivity
ADDED from src\main\AndroidManifest.xml:211:9-215:20
	android:screenOrientation
		ADDED from src\main\AndroidManifest.xml:214:13-49
	android:configChanges
		ADDED from src\main\AndroidManifest.xml:213:13-63
	android:name
		ADDED from src\main\AndroidManifest.xml:212:13-62
activity#com.nt.activity.kc.KccxShowActivity
ADDED from src\main\AndroidManifest.xml:216:9-220:20
	android:screenOrientation
		ADDED from src\main\AndroidManifest.xml:219:13-49
	android:configChanges
		ADDED from src\main\AndroidManifest.xml:218:13-63
	android:name
		ADDED from src\main\AndroidManifest.xml:217:13-63
activity#com.nt.activity.w.YHKMbActivity
ADDED from src\main\AndroidManifest.xml:221:9-225:20
	android:screenOrientation
		ADDED from src\main\AndroidManifest.xml:224:13-49
	android:configChanges
		ADDED from src\main\AndroidManifest.xml:223:13-63
	android:name
		ADDED from src\main\AndroidManifest.xml:222:13-59
activity#com.nt.activity.kc.PdmxActivity
ADDED from src\main\AndroidManifest.xml:226:10-230:20
	android:screenOrientation
		ADDED from src\main\AndroidManifest.xml:229:13-49
	android:configChanges
		ADDED from src\main\AndroidManifest.xml:228:13-63
	android:name
		ADDED from src\main\AndroidManifest.xml:227:13-59
activity#com.nt.activity.kc.WbdbckActivity
ADDED from src\main\AndroidManifest.xml:231:9-235:20
	android:screenOrientation
		ADDED from src\main\AndroidManifest.xml:234:13-49
	android:configChanges
		ADDED from src\main\AndroidManifest.xml:233:13-63
	android:name
		ADDED from src\main\AndroidManifest.xml:232:13-61
activity#com.nt.activity.kc.SqdActivity
ADDED from src\main\AndroidManifest.xml:236:9-240:20
	android:screenOrientation
		ADDED from src\main\AndroidManifest.xml:239:13-49
	android:configChanges
		ADDED from src\main\AndroidManifest.xml:238:13-63
	android:name
		ADDED from src\main\AndroidManifest.xml:237:13-58
activity#com.nt.activity.kc.SqdMxActivity
ADDED from src\main\AndroidManifest.xml:241:9-245:20
	android:screenOrientation
		ADDED from src\main\AndroidManifest.xml:244:13-49
	android:configChanges
		ADDED from src\main\AndroidManifest.xml:243:13-63
	android:name
		ADDED from src\main\AndroidManifest.xml:242:13-60
activity#com.nt.activity.kc.WbdbckMxActivity
ADDED from src\main\AndroidManifest.xml:246:9-250:20
	android:screenOrientation
		ADDED from src\main\AndroidManifest.xml:249:13-49
	android:configChanges
		ADDED from src\main\AndroidManifest.xml:248:13-63
	android:name
		ADDED from src\main\AndroidManifest.xml:247:13-63
activity#com.nt.activity.kc.PjfkMxActivity
ADDED from src\main\AndroidManifest.xml:251:9-255:20
	android:screenOrientation
		ADDED from src\main\AndroidManifest.xml:254:13-49
	android:configChanges
		ADDED from src\main\AndroidManifest.xml:253:13-63
	android:name
		ADDED from src\main\AndroidManifest.xml:252:13-61
activity#com.nt.activity.esp.ChooseActivity
ADDED from src\main\AndroidManifest.xml:256:9-260:20
	android:screenOrientation
		ADDED from src\main\AndroidManifest.xml:259:13-49
	android:configChanges
		ADDED from src\main\AndroidManifest.xml:258:13-63
	android:name
		ADDED from src\main\AndroidManifest.xml:257:13-62
activity#com.nt.activity.esp.YwsbActivity
ADDED from src\main\AndroidManifest.xml:261:9-265:20
	android:screenOrientation
		ADDED from src\main\AndroidManifest.xml:264:13-49
	android:configChanges
		ADDED from src\main\AndroidManifest.xml:263:13-63
	android:name
		ADDED from src\main\AndroidManifest.xml:262:13-60
activity#com.nt.activity.kc.WbdbrkListActivity
ADDED from src\main\AndroidManifest.xml:266:9-270:20
	android:screenOrientation
		ADDED from src\main\AndroidManifest.xml:269:13-49
	android:configChanges
		ADDED from src\main\AndroidManifest.xml:268:13-63
	android:name
		ADDED from src\main\AndroidManifest.xml:267:13-65
activity#com.nt.activity.kc.WbdbrkActivity
ADDED from src\main\AndroidManifest.xml:271:9-275:20
	android:screenOrientation
		ADDED from src\main\AndroidManifest.xml:274:13-49
	android:configChanges
		ADDED from src\main\AndroidManifest.xml:273:13-63
	android:name
		ADDED from src\main\AndroidManifest.xml:272:13-61
activity#com.nt.activity.kc.ThcxShowActivity
ADDED from src\main\AndroidManifest.xml:276:9-280:20
	android:screenOrientation
		ADDED from src\main\AndroidManifest.xml:279:13-49
	android:configChanges
		ADDED from src\main\AndroidManifest.xml:278:13-63
	android:name
		ADDED from src\main\AndroidManifest.xml:277:13-63
activity#com.nt.activity.main.MainActivity
ADDED from src\main\AndroidManifest.xml:281:9-285:20
	android:screenOrientation
		ADDED from src\main\AndroidManifest.xml:284:13-49
	android:configChanges
		ADDED from src\main\AndroidManifest.xml:283:13-63
	android:name
		ADDED from src\main\AndroidManifest.xml:282:13-61
activity#com.nt.activity.kdg.ListKdg
ADDED from src\main\AndroidManifest.xml:286:9-290:20
	android:screenOrientation
		ADDED from src\main\AndroidManifest.xml:289:13-49
	android:configChanges
		ADDED from src\main\AndroidManifest.xml:288:13-63
	android:name
		ADDED from src\main\AndroidManifest.xml:287:13-55
activity#com.nt.activity.kdg.P2cslr
ADDED from src\main\AndroidManifest.xml:291:9-295:20
	android:screenOrientation
		ADDED from src\main\AndroidManifest.xml:294:13-49
	android:configChanges
		ADDED from src\main\AndroidManifest.xml:293:13-63
	android:name
		ADDED from src\main\AndroidManifest.xml:292:13-54
activity#com.nt.activity.kdg.JdxyKdg
ADDED from src\main\AndroidManifest.xml:296:9-300:20
	android:screenOrientation
		ADDED from src\main\AndroidManifest.xml:299:13-49
	android:configChanges
		ADDED from src\main\AndroidManifest.xml:298:13-63
	android:name
		ADDED from src\main\AndroidManifest.xml:297:13-55
activity#com.nt.activity.kdg.SmdwKdgWx
ADDED from src\main\AndroidManifest.xml:301:9-305:20
	android:screenOrientation
		ADDED from src\main\AndroidManifest.xml:304:13-49
	android:configChanges
		ADDED from src\main\AndroidManifest.xml:303:13-63
	android:name
		ADDED from src\main\AndroidManifest.xml:302:13-57
activity#com.nt.activity.kdg.PjxgKdgWx
ADDED from src\main\AndroidManifest.xml:306:9-310:20
	android:screenOrientation
		ADDED from src\main\AndroidManifest.xml:309:13-49
	android:configChanges
		ADDED from src\main\AndroidManifest.xml:308:13-63
	android:name
		ADDED from src\main\AndroidManifest.xml:307:13-57
activity#com.nt.activity.kdg.FwbgKdgWx
ADDED from src\main\AndroidManifest.xml:311:9-315:20
	android:screenOrientation
		ADDED from src\main\AndroidManifest.xml:314:13-49
	android:configChanges
		ADDED from src\main\AndroidManifest.xml:313:13-63
	android:name
		ADDED from src\main\AndroidManifest.xml:312:13-57
activity#com.nt.activity.kdg.JdxyKdgWx
ADDED from src\main\AndroidManifest.xml:316:9-320:20
	android:screenOrientation
		ADDED from src\main\AndroidManifest.xml:319:13-49
	android:configChanges
		ADDED from src\main\AndroidManifest.xml:318:13-63
	android:name
		ADDED from src\main\AndroidManifest.xml:317:13-57
activity#com.nt.activity.kdg.FwbgKdg
ADDED from src\main\AndroidManifest.xml:321:9-325:20
	android:screenOrientation
		ADDED from src\main\AndroidManifest.xml:324:13-49
	android:configChanges
		ADDED from src\main\AndroidManifest.xml:323:13-63
	android:name
		ADDED from src\main\AndroidManifest.xml:322:13-55
activity#com.nt.activity.kdg.FwbgKdgEcsm
ADDED from src\main\AndroidManifest.xml:326:9-330:20
	android:screenOrientation
		ADDED from src\main\AndroidManifest.xml:329:13-49
	android:configChanges
		ADDED from src\main\AndroidManifest.xml:328:13-63
	android:name
		ADDED from src\main\AndroidManifest.xml:327:13-59
activity#com.nt.activity.kdg.FwbgTzl
ADDED from src\main\AndroidManifest.xml:331:9-335:20
	android:screenOrientation
		ADDED from src\main\AndroidManifest.xml:334:13-49
	android:configChanges
		ADDED from src\main\AndroidManifest.xml:333:13-63
	android:name
		ADDED from src\main\AndroidManifest.xml:332:13-55
activity#com.nt.activity.kdg.Sbxlh
ADDED from src\main\AndroidManifest.xml:336:9-340:20
	android:screenOrientation
		ADDED from src\main\AndroidManifest.xml:339:13-49
	android:configChanges
		ADDED from src\main\AndroidManifest.xml:338:13-63
	android:name
		ADDED from src\main\AndroidManifest.xml:337:13-53
activity#com.nt.activity.kdg.FwbgXgKdg
ADDED from src\main\AndroidManifest.xml:341:9-345:20
	android:screenOrientation
		ADDED from src\main\AndroidManifest.xml:344:13-49
	android:configChanges
		ADDED from src\main\AndroidManifest.xml:343:13-63
	android:name
		ADDED from src\main\AndroidManifest.xml:342:13-57
activity#com.nt.activity.kdg.SmdwKdg
ADDED from src\main\AndroidManifest.xml:346:9-350:20
	android:screenOrientation
		ADDED from src\main\AndroidManifest.xml:349:13-49
	android:configChanges
		ADDED from src\main\AndroidManifest.xml:348:13-63
	android:name
		ADDED from src\main\AndroidManifest.xml:347:13-55
activity#com.nt.activity.kdg.JqgdcxKdg
ADDED from src\main\AndroidManifest.xml:351:9-355:20
	android:screenOrientation
		ADDED from src\main\AndroidManifest.xml:354:13-49
	android:configChanges
		ADDED from src\main\AndroidManifest.xml:353:13-63
	android:name
		ADDED from src\main\AndroidManifest.xml:352:13-57
activity#com.nt.activity.kdg.JqgdcxShowKdg
ADDED from src\main\AndroidManifest.xml:356:9-360:20
	android:screenOrientation
		ADDED from src\main\AndroidManifest.xml:359:13-49
	android:configChanges
		ADDED from src\main\AndroidManifest.xml:358:13-63
	android:name
		ADDED from src\main\AndroidManifest.xml:357:13-61
activity#com.nt.activity.kdg.FwbgKdgWxEcsm
ADDED from src\main\AndroidManifest.xml:361:9-365:20
	android:screenOrientation
		ADDED from src\main\AndroidManifest.xml:364:13-49
	android:configChanges
		ADDED from src\main\AndroidManifest.xml:363:13-63
	android:name
		ADDED from src\main\AndroidManifest.xml:362:13-61
activity#com.nt.activity.kdg.SbxxlrKdg
ADDED from src\main\AndroidManifest.xml:366:9-370:20
	android:screenOrientation
		ADDED from src\main\AndroidManifest.xml:369:13-49
	android:configChanges
		ADDED from src\main\AndroidManifest.xml:368:13-63
	android:name
		ADDED from src\main\AndroidManifest.xml:367:13-57
activity#com.nt.activity.kdg.JdxyXj
ADDED from src\main\AndroidManifest.xml:371:9-375:20
	android:screenOrientation
		ADDED from src\main\AndroidManifest.xml:374:13-49
	android:configChanges
		ADDED from src\main\AndroidManifest.xml:373:13-63
	android:name
		ADDED from src\main\AndroidManifest.xml:372:13-54
activity#com.nt.activity.kdg.SmdwXj
ADDED from src\main\AndroidManifest.xml:376:9-380:20
	android:screenOrientation
		ADDED from src\main\AndroidManifest.xml:379:13-49
	android:configChanges